<?xml version="1.0" encoding="UTF-8"?>
<!-- Generated by org.testng.reporters.JUnitReportReporter -->
<testsuite hostname="Sakilroly" failures="0" tests="1" name="com.qa.TN.Testcases.HomepageTest" time="10.595" errors="0" timestamp="2024-01-08T19:21:27 CST" skipped="0">
  <testcase classname="com.qa.TN.Testcases.HomepageTest" name="homepageLinksVerifaction" time="10.595"/>
</testsuite> <!-- com.qa.TN.Testcases.HomepageTest -->
